# hit scores
# ----------
#
# target name         acc                  query name                           bits   e-value  bias  hmm-st  hmm-en strand  ali-st  ali-en  env-st  env-en  modlen   description of target
# ------------------- -------------------  -------------------                ------ --------- ----- ------- ------- ------ ------- ------- ------- ------- -------   ---------------------
# hit scores
# ----------
#
# target name         acc                  query name                           bits   e-value  bias  hmm-st  hmm-en strand  ali-st  ali-en  env-st  env-en  modlen   description of target
# ------------------- -------------------  -------------------                ------ --------- ----- ------- ------- ------ ------- ------- ------- ------- -------   ---------------------
# hit scores
# ----------
#
# target name         acc                  query name                           bits   e-value  bias  hmm-st  hmm-en strand  ali-st  ali-en  env-st  env-en  modlen   description of target
# ------------------- -------------------  -------------------                ------ --------- ----- ------- ------- ------ ------- ------- ------- ------- -------   ---------------------
Copia1-I_DM           DF0001559.0          1_CHROMOSOME_dumped__10696719_10701589   57.8   1.6e-16  24.2    1329    2113    +      1982    2748    1957    2782    4124   LTR retrotransposon from fruit fly: internal portion.
Copia_I               DF0001563.0          1_CHROMOSOME_dumped__10696719_10701589  154.8   7.5e-46  35.2    2862    4321    +      3160    4619    3139    4639    4593   Drosophila melanogaster transposable element copia.
Copia1-I_DM           DF0001559.0          1_CHROMOSOME_dumped__11148084_11152830   74.8   1.1e-21  16.1    1326    2030    +      1689    2381    1669    2417    4124   LTR retrotransposon from fruit fly: internal portion.
Copia_I               DF0001563.0          1_CHROMOSOME_dumped__11148084_11152830  141.9   5.9e-42  20.3    2858    4355    +      2929    4412    2908    4419    4593   Drosophila melanogaster transposable element copia.
HelitronY4_CE         DF0001412.0          1_CHROMOSOME_dumped__11284903_11295619   49.7   2.7e-13  35.6     350     705    +      2131    2483    2122    2503    1855   HELITRONY4_CE is a family of non-autonomous Helitron DNA transposons
Copia1-I_DM           DF0001559.0          1_CHROMOSOME_dumped__11789447_11794074  218.6   5.3e-65  33.8    1329    2185    +      1621    2483    1594    2503    4124   LTR retrotransposon from fruit fly: internal portion.
Copia_I               DF0001563.0          1_CHROMOSOME_dumped__11789447_11794074  206.4   2.1e-61  63.9    2876    4309    +      2838    4262    2817    4285    4593   Drosophila melanogaster transposable element copia.
Copia_I               DF0001563.0          1_CHROMOSOME_dumped__13324761_13329591  130.6   1.5e-38  38.1    2890    4316    +      3240    4656    3220    4677    4593   Drosophila melanogaster transposable element copia.
QUASIMODO2-I_DM       DF0001687.0          1_CHROMOSOME_dumped__13334465_13339870  190.3     1e-56  32.0    2536    3857    +      2248    3536    2224    3556    5500   Drosophila melanogaster retroviral like element QUASIMODO2, internal.
Gypsy138-I_DR         DF0002967.0          1_CHROMOSOME_dumped__13334465_13339870   90.9     2e-27  37.4    3967    5732    +      2598    4366    2567    4386   11410   LTR retrotransposon from zebrafish: internal sequence
Gypsy145-I_DR         DF0002940.0          1_CHROMOSOME_dumped__13334465_13339870   78.6   4.5e-23  12.2    3015    3942    +      3838    4778    3818    4786    4215   LTR retrotransposon from zebrafish: internal sequence
Copia1-I_DM           DF0001559.0          1_CHROMOSOME_dumped__13439443_13448531  112.9   7.2e-33  29.6    1332    2138    +      3048    3855    3028    3875    4124   LTR retrotransposon from fruit fly: internal portion.
Copia_I               DF0001563.0          1_CHROMOSOME_dumped__13439443_13448531  196.1   5.3e-58  44.1    2952    4312    +      4291    5639    4189    5659    4593   Drosophila melanogaster transposable element copia.
Copia1-I_DM           DF0001559.0          1_CHROMOSOME_dumped__13559843_13564825   44.3   1.8e-12  33.4     934    2139    +      1642    2844    1622    2864    4124   LTR retrotransposon from fruit fly: internal portion.
FROGGER_I             DF0001594.0          1_CHROMOSOME_dumped__13559843_13564825  148.3     2e-43  18.2     553    1991    +      3225    4673    3191    4693    2077   Drosophila melanogaster transposon frogger (internal portion).
QUASIMODO2-I_DM       DF0001687.0          1_CHROMOSOME_dumped__13676498_13682108  172.5   2.6e-51  31.1    2637    3838    +      2259    3438    2235    3442    5500   Drosophila melanogaster retroviral like element QUASIMODO2, internal.
Gypsy69-I_DR          DF0003405.0          1_CHROMOSOME_dumped__13818567_13823889  312.7   1.8e-93  38.5    1574    3936    +      2315    4689    2298    4696    4245   LTR retrotransposon from zebrafish: internal sequence
Gypsy107-I_Dr         DF0002684.0          1_CHROMOSOME_dumped__13883095_13890935  192.4   3.7e-57  34.1    1661    2735    +      3127    4177    3096    4198    4297   Internal sequence of a Gypsy LTR retrotransposon from zebrafish
Gypsy6-I_DR           DF0003473.0          1_CHROMOSOME_dumped__13883095_13890935  196.7   1.2e-58  25.1    2389    3170    +      3154    3899    3134    3923    5410   Internal sequence of a Gypsy LTR retrotransposon from zebrafish
Gypsy72-I_DR          DF0002541.0          1_CHROMOSOME_dumped__13883095_13890935   50.4   1.8e-14   9.8    3164    3535    +      4706    5077    4685    5097    4297   LTR retrotransposon from zebrafish: internal sequence
QUASIMODO2-I_DM       DF0001687.0          1_CHROMOSOME_dumped__14019278_14024519  191.5   4.3e-57  40.9    2595    3835    +      2217    3434    2197    3454    5500   Drosophila melanogaster retroviral like element QUASIMODO2, internal.
Gypsy69-I_DR          DF0003405.0          1_CHROMOSOME_dumped__14019278_14024519   66.6   2.4e-19  13.9    2952    3570    +      3701    4320    3680    4340    4245   LTR retrotransposon from zebrafish: internal sequence
Copia_I               DF0001563.0          1_CHROMOSOME_dumped__15610250_15615956  113.4   2.8e-33  70.9    2871    4327    +      3668    5181    3648    5202    4593   Drosophila melanogaster transposable element copia.
Gypsy6-I_DR           DF0003473.0          1_CHROMOSOME_dumped__16012601_16019700  204.3   5.6e-61  28.2    2389    3206    +      2509    3290    2489    3310    5410   Internal sequence of a Gypsy LTR retrotransposon from zebrafish
Gypsy72-I_DR          DF0002541.0          1_CHROMOSOME_dumped__16012601_16019700   53.5   1.9e-15  11.3    3167    3535    +      4064    4432    4041    4452    4297   LTR retrotransposon from zebrafish: internal sequence
Copia_I               DF0001563.0          1_CHROMOSOME_dumped__16117817_16124067   44.5   1.6e-12  16.7    4146    4313    +      3586    3753    3566    3774    4593   Drosophila melanogaster transposable element copia.
Copia1-I_DM           DF0001559.0          1_CHROMOSOME_dumped__16176836_16181678  155.7     5e-46  42.0    1328    2140    +      1803    2616    1783    2669    4124   LTR retrotransposon from fruit fly: internal portion.
Copia_I               DF0001563.0          1_CHROMOSOME_dumped__16176836_16181678  137.5   1.3e-40  44.8    3011    4308    +      3222    4509    3200    4519    4593   Drosophila melanogaster transposable element copia.
QUASIMODO2-I_DM       DF0001687.0          1_CHROMOSOME_dumped__16387793_16398190  152.9   3.7e-45  66.7    2644    3836    +      2228    3403    2206    3423    5500   Drosophila melanogaster retroviral like element QUASIMODO2, internal.
Gypsy145-I_DR         DF0002940.0          1_CHROMOSOME_dumped__16387793_16398190   58.2   1.2e-16  22.5    3041    3958    +      3752    4711    3732    4731    4215   LTR retrotransposon from zebrafish: internal sequence
HelitronY4_CE         DF0001412.0          1_CHROMOSOME_dumped__16387793_16398190   41.3   9.1e-11  24.8     403     611    -      7720    7528    7764    7509    1855   HELITRONY4_CE is a family of non-autonomous Helitron DNA transposons
Copia1-I_DM           DF0001559.0          1_CHROMOSOME_dumped__16551721_16557069  144.1   1.7e-42  40.7    1434    2187    +      1985    2736    1964    2756    4124   LTR retrotransposon from fruit fly: internal portion.
Copia_I               DF0001563.0          1_CHROMOSOME_dumped__16551721_16557069  128.8   5.9e-38  32.6    2967    4331    +      3366    4753    3342    4774    4593   Drosophila melanogaster transposable element copia.
Copia1-I_DM           DF0001559.0          1_CHROMOSOME_dumped__16569870_16575240  184.4   1.2e-54  42.7    1328    2198    +      1678    2552    1650    2573    4124   LTR retrotransposon from fruit fly: internal portion.
Copia_I               DF0001563.0          1_CHROMOSOME_dumped__16569870_16575240  218.1   7.1e-65  53.5    2901    4310    +      2940    4358    2918    4378    4593   Drosophila melanogaster transposable element copia.
ACCORD_I              DF0001532.0          1_CHROMOSOME_dumped__16626036_16637234   90.3   2.2e-26  19.5    3192    3983    +      3745    4536    3724    4556    6288   ACCORD_I is an internal portion of ACCORD retrovirus-like element
Copia1-I_DM           DF0001559.0          1_CHROMOSOME_dumped__16638793_16645558   52.7   7.6e-15  12.5    1618    1921    +      3913    4215    3890    4235    4124   LTR retrotransposon from fruit fly: internal portion.
FROGGER_I             DF0001594.0          1_CHROMOSOME_dumped__16638793_16645558  114.1   5.4e-33  21.5     534    1926    +      5054    6438    5038    6458    2077   Drosophila melanogaster transposon frogger (internal portion).
Copia1-I_DM           DF0001559.0          1_CHROMOSOME_dumped__16674908_16683328  147.9     2e-43  27.5    1216    2131    +      2753    3663    2733    3674    4124   LTR retrotransposon from fruit fly: internal portion.
Copia_I               DF0001563.0          1_CHROMOSOME_dumped__16674908_16683328  115.2   1.2e-33  37.2    2942    4036    +      4153    5235    4131    5244    4593   Drosophila melanogaster transposable element copia.
Copia_I               DF0001563.0          1_CHROMOSOME_dumped__16674908_16683328   41.2   2.3e-11   9.2    4161    4339    +      5244    5422    5224    5434    4593   Drosophila melanogaster transposable element copia.
Copia1-I_DM           DF0001559.0          1_CHROMOSOME_dumped__16853317_16858040   53.3   3.4e-15   8.5    1570    2127    +      1848    2402    1828    2422    4124   LTR retrotransposon from fruit fly: internal portion.
FROGGER_I             DF0001594.0          1_CHROMOSOME_dumped__16853317_16858040  161.6   1.9e-47   9.6     536    1989    +      3068    4515    3055    4518    2077   Drosophila melanogaster transposon frogger (internal portion).
Copia1-I_DM           DF0001559.0          1_CHROMOSOME_dumped__17023916_17029257   56.8   3.3e-16  14.0    1511    2129    +      2086    2710    2066    2720    4124   LTR retrotransposon from fruit fly: internal portion.
Copia_I               DF0001563.0          1_CHROMOSOME_dumped__17023916_17029257  148.4   7.1e-44  26.1    2947    4315    +      3408    4770    3345    4791    4593   Drosophila melanogaster transposable element copia.
Copia_I               DF0001563.0          1_CHROMOSOME_dumped__17054990_17060023  125.3   6.3e-37  36.3    2876    3540    +      3298    3974    3266    3994    4593   Drosophila melanogaster transposable element copia.
tRNA-Pro-CCA          DF0000683.4          1_CHROMOSOME_dumped__17156581_17161059   56.4   4.2e-14   4.2       7      66    +        33      92      28      99      74   tRNA-Pro (decoding CCA) gene / pseudogene
tRNA-Pro-CCY          DF0000684.4          1_CHROMOSOME_dumped__17156581_17161059   47.3   3.5e-11   2.8       7      65    +       786     844     781     852      75   tRNA-Pro (decoding CCY) gene / pseudogene
tRNA-Pro-CCA          DF0000683.4          1_CHROMOSOME_dumped__17156581_17161059   56.1   5.3e-14   4.5       7      66    +      1957    2016    1952    2023      74   tRNA-Pro (decoding CCA) gene / pseudogene
tRNA-Pro-CCA          DF0000683.4          1_CHROMOSOME_dumped__17156581_17161059   56.4   4.2e-14   4.2       7      66    +      2405    2464    2400    2471      74   tRNA-Pro (decoding CCA) gene / pseudogene
tRNA-Pro-CCA          DF0000683.4          1_CHROMOSOME_dumped__17156581_17161059   56.4   4.2e-14   4.3       7      66    +      3954    4013    3948    4020      74   tRNA-Pro (decoding CCA) gene / pseudogene
tRNA-Pro-CCA          DF0000683.4          1_CHROMOSOME_dumped__17156581_17161059   56.4   4.2e-14   4.2       7      66    +      4395    4454    4390    4461      74   tRNA-Pro (decoding CCA) gene / pseudogene
Copia1-I_DM           DF0001559.0          1_CHROMOSOME_dumped__17247721_17252580  100.1   2.7e-29  13.8    1518    2193    +      1940    2612    1920    2633    4124   LTR retrotransposon from fruit fly: internal portion.
Copia_I               DF0001563.0          1_CHROMOSOME_dumped__17247721_17252580   94.3   1.3e-27  13.3    2873    3755    +      3259    4110    3237    4127    4593   Drosophila melanogaster transposable element copia.
Copia_I               DF0001563.0          1_CHROMOSOME_dumped__17247721_17252580   54.6   1.2e-15   4.7    3986    4328    +      4332    4674    4312    4684    4593   Drosophila melanogaster transposable element copia.
ZAM_I                 DF0001526.0          1_CHROMOSOME_dumped__17255285_17265290   97.0   1.2e-28   6.2    3403    4353    +      3089    3972    3067    3981    7490   ZAM_I is an internal portion of the ZAM retrovirus.
ACCORD_I              DF0001532.0          1_CHROMOSOME_dumped__17255285_17265290  101.9   6.1e-30   5.1    3192    3982    +      3239    3974    3100    3980    6288   ACCORD_I is an internal portion of ACCORD retrovirus-like element
Copia1-I_DM           DF0001559.0          1_CHROMOSOME_dumped__17520596_17525126   57.4   1.8e-16  22.0    1513    2145    +      1848    2473    1816    2493    4124   LTR retrotransposon from fruit fly: internal portion.
Copia_I               DF0001563.0          1_CHROMOSOME_dumped__17520596_17525126  172.7   2.9e-51  49.0    2822    4313    +      2811    4293    2791    4303    4593   Drosophila melanogaster transposable element copia.
tRNA-Leu-CTY          DF0000653.4          1_CHROMOSOME_dumped__18552993_18557995   50.3   3.9e-12   1.7       3      82    -        94      17      96      17      82   tRNA-Leu (decoding CTY) gene / pseudogene
tRNA-Leu-CTY          DF0000653.4          1_CHROMOSOME_dumped__18552993_18557995   50.3   3.9e-12   1.7       3      82    -      4995    4918    4997    4918      82   tRNA-Leu (decoding CTY) gene / pseudogene
Copia1-I_DM           DF0001559.0          1_CHROMOSOME_dumped__20085162_20090239   67.5   1.9e-19  17.5    1512    1937    +      1968    2393    1948    2458    4124   LTR retrotransposon from fruit fly: internal portion.
Copia_I               DF0001563.0          1_CHROMOSOME_dumped__20085162_20090239  144.7   8.6e-43  26.9    2856    4320    +      3188    4671    3159    4691    4593   Drosophila melanogaster transposable element copia.
Copia1-I_DM           DF0001559.0          1_CHROMOSOME_dumped__21244323_21249201   88.6   7.9e-26  22.1    1512    2173    +      1956    2614    1933    2635    4124   LTR retrotransposon from fruit fly: internal portion.
Copia_I               DF0001563.0          1_CHROMOSOME_dumped__21244323_21249201   96.2   3.5e-28  13.7    2918    3471    +      3287    3837    3262    3865    4593   Drosophila melanogaster transposable element copia.
Copia1-I_DM           DF0001559.0          1_CHROMOSOME_dumped__21346162_21351041   99.8   3.5e-29  27.6    1412    2193    +      1898    2670    1880    2692    4124   LTR retrotransposon from fruit fly: internal portion.
Copia_I               DF0001563.0          1_CHROMOSOME_dumped__21346162_21351041  134.6   9.7e-40  18.5    2855    3535    +      3179    3853    3161    3878    4593   Drosophila melanogaster transposable element copia.
Copia3-I_DR           DF0002567.0          1_CHROMOSOME_dumped__21346162_21351041   39.0   6.1e-11   3.5    3673    4062    +      4267    4619    4247    4639    4164   LTR retrotransposon from zebrafish: internal sequence
FROGGER_I             DF0001594.0          1_CHROMOSOME_dumped__22100643_22105329  141.0   2.8e-41  19.7     558    1989    +      3069    4498    3049    4514    2077   Drosophila melanogaster transposon frogger (internal portion).
Copia1-I_DM           DF0001559.0          1_CHROMOSOME_dumped__23118242_23123215   83.4   3.1e-24  20.4    1317    2104    +      1772    2551    1751    2572    4124   LTR retrotransposon from fruit fly: internal portion.
Copia_I               DF0001563.0          1_CHROMOSOME_dumped__23118242_23123215  157.2   1.5e-46  25.8    2851    4354    +      3063    4552    3019    4561    4593   Drosophila melanogaster transposable element copia.
Copia_I               DF0001563.0          1_CHROMOSOME_dumped__26366608_26371676  181.9   5.5e-54  50.9    2870    4312    +      3338    4783    3317    4803    4593   Drosophila melanogaster transposable element copia.
Copia1-I_DM           DF0001559.0          1_CHROMOSOME_dumped__3780765_3785720  240.3   1.6e-71  70.5     775    2143    +      1271    2683    1249    2704    4124   LTR retrotransposon from fruit fly: internal portion.
Copia_I               DF0001563.0          1_CHROMOSOME_dumped__3780765_3785720  269.2   2.6e-80  65.0    2870    4312    +      3017    4450    2997    4470    4593   Drosophila melanogaster transposable element copia.
HelitronY1A_CE        DF0001408.0          1_CHROMOSOME_dumped__428932_438092   59.9   7.7e-17  28.8     440     961    -      6603    6239    6625    6216    3084   HELITRONY1A_CE is a family of non-autonomous Helitron DNA transposons
Copia1-I_DM           DF0001559.0          1_CHROMOSOME_dumped__5691759_5696703   51.4   1.3e-14  24.7     933    2143    +      1588    2802    1568    2822    4124   LTR retrotransposon from fruit fly: internal portion.
FROGGER_I             DF0001594.0          1_CHROMOSOME_dumped__5691759_5696703  165.5   1.3e-48  19.7     538    1992    +      3169    4630    3147    4650    2077   Drosophila melanogaster transposon frogger (internal portion).
Copia_I               DF0001563.0          1_CHROMOSOME_dumped__5691759_5696703  170.2   1.8e-50  22.3    2876    4309    +      3193    4630    3170    4650    4593   Drosophila melanogaster transposable element copia.
Copia1-I_DM           DF0001559.0          1_CHROMOSOME_dumped__6009304_6014076  298.2   5.5e-89 139.8    1511    4043    +      1868    4400    1847    4420    4124   LTR retrotransposon from fruit fly: internal portion.
Copia1-I_DM           DF0001559.0          1_CHROMOSOME_dumped__9368344_9373311  114.5   1.3e-33  32.3    2587    4031    +      3262    4709    3242    4730    4124   LTR retrotransposon from fruit fly: internal portion.
Copia_I               DF0001563.0          1_CHROMOSOME_dumped__9476002_9480634  136.8   1.9e-40  15.2    2854    4316    +      2999    4446    2979    4466    4593   Drosophila melanogaster transposable element copia.
Copia1-I_DM           DF0001559.0          2_CHROMOSOME_dumped__10483666_10492018   88.3   1.8e-25  20.1    1518    2173    +       624    1276     604    1297    4124   LTR retrotransposon from fruit fly: internal portion.
Copia_I               DF0001563.0          2_CHROMOSOME_dumped__10483666_10492018  154.3   1.9e-45  32.3    2869    4317    +      2134    3579    2112    3599    4593   Drosophila melanogaster transposable element copia.
FROGGER_I             DF0001594.0          2_CHROMOSOME_dumped__10483666_10492018  157.6   5.2e-46  26.0     604    1993    +      2178    3564    2158    3584    2077   Drosophila melanogaster transposon frogger (internal portion).
Tx1-39_DR             DF0003221.0          2_CHROMOSOME_dumped__12445635_12457164   52.4   7.5e-15  21.9    2835    3605    +      5508    6312    5449    6332    5452   Non-LTR retrotransposon from zebrafish
Copia_I               DF0001563.0          2_CHROMOSOME_dumped__1388832_1393901  141.6   7.5e-42  67.5    2827    4335    -      1937     374    1958     355    4593   Drosophila melanogaster transposable element copia.
Copia1-I_DM           DF0001559.0          2_CHROMOSOME_dumped__1557140_1562062   76.0     5e-22  55.7     948    2145    +      1645    2831    1624    2851    4124   LTR retrotransposon from fruit fly: internal portion.
Copia_I               DF0001563.0          2_CHROMOSOME_dumped__1557140_1562062  165.7     4e-49  48.1    2872    4313    +      3297    4743    3277    4761    4593   Drosophila melanogaster transposable element copia.
Gypsy6-I_DR           DF0003473.0          2_CHROMOSOME_dumped__1629671_1637490  202.7   1.9e-60  26.3    2389    3206    +      3141    3922    3121    3967    5410   Internal sequence of a Gypsy LTR retrotransposon from zebrafish
Gypsy72-I_DR          DF0002541.0          2_CHROMOSOME_dumped__1629671_1637490   45.1   7.1e-13   9.4    3166    3535    +      4695    5064    4675    5084    4297   LTR retrotransposon from zebrafish: internal sequence
HelitronY1A_CE        DF0001408.0          2_CHROMOSOME_dumped__17252349_17258537   65.9   7.9e-19  44.2     548     964    +      3848    4282    3826    4302    3084   HELITRONY1A_CE is a family of non-autonomous Helitron DNA transposons
Copia1-I_DM           DF0001559.0          2_CHROMOSOME_dumped__1970254_1974960  182.9     3e-54  36.1    1329    2184    +      1689    2542    1669    2563    4124   LTR retrotransposon from fruit fly: internal portion.
Copia_I               DF0001563.0          2_CHROMOSOME_dumped__1970254_1974960  202.3   3.7e-60  49.8    2913    4312    +      2968    4358    2947    4378    4593   Drosophila melanogaster transposable element copia.
Gypsy69-I_DR          DF0003405.0          2_CHROMOSOME_dumped__2075307_2080607  245.0   4.5e-73  42.8    1605    3630    +      2370    4405    2349    4433    4245   LTR retrotransposon from zebrafish: internal sequence
Gypsy89-I_DR          DF0002733.0          2_CHROMOSOME_dumped__2075307_2080607   65.3     5e-19  13.4    3107    4138    +      3728    4763    3724    4786    4368   LTR retrotransposon from zebrafish: internal sequence
SSU-rRNA_Hsa          DF0001066.4          2_CHROMOSOME_dumped__2080_10521 1346.4         0   8.1       1    1868    +      1627    3433    1627    3434    1869   from Metazoa.
LSU-rRNA_Hsa          DF0000772.4          2_CHROMOSOME_dumped__2080_10521  199.8   2.4e-59  14.6       2     413    +      4055    4462    4054    4484    5035   LSU rRNA gene / pseudogene
LSU-rRNA_Cel          DF0001428.0          2_CHROMOSOME_dumped__2080_10521 1161.7         0  31.0       2    2432    +      4699    7035    4698    7035    2432   from Metazoa.
LSU-rRNA_Dme          DF0001429.0          2_CHROMOSOME_dumped__2080_10521  412.3  3.8e-123   3.8    3051    3605    +      6644    7195    6624    7203    3900   from Metazoa.
Copia_I               DF0001563.0          2_CHROMOSOME_dumped__2274202_2280048   52.3   6.8e-15  16.1    4145    4313    +      3420    3588    3401    3611    4593   Drosophila melanogaster transposable element copia.
Copia1-I_DM           DF0001559.0          2_CHROMOSOME_dumped__2302464_2307170  165.5   5.3e-49  24.1    1326    2032    +      1678    2380    1656    2401    4124   LTR retrotransposon from fruit fly: internal portion.
FROGGER_I             DF0001594.0          2_CHROMOSOME_dumped__2302464_2307170  213.6   3.7e-63  30.2     596    1993    +      2939    4335    2918    4355    2077   Drosophila melanogaster transposon frogger (internal portion).
Copia1-I_DM           DF0001559.0          2_CHROMOSOME_dumped__2745600_2752272   83.4   4.2e-24  16.3    1434    2190    +      3682    4431    3662    4454    4124   LTR retrotransposon from fruit fly: internal portion.
FROGGER_I             DF0001594.0          2_CHROMOSOME_dumped__2745600_2752272  108.9   1.9e-31   8.3     560    1220    +      5058    5723    5040    5743    2077   Drosophila melanogaster transposon frogger (internal portion).
Copia1-I_DM           DF0001559.0          2_CHROMOSOME_dumped__2844749_2849616  111.3   1.2e-32  21.5    1511    2108    +      1795    2390    1775    2413    4124   LTR retrotransposon from fruit fly: internal portion.
Copia_I               DF0001563.0          2_CHROMOSOME_dumped__2844749_2849616  199.8   2.1e-59  62.3    2887    4331    +      2791    4256    2770    4276    4593   Drosophila melanogaster transposable element copia.
Copia1-I_DM           DF0001559.0          2_CHROMOSOME_dumped__2858551_2864192   54.4   1.9e-15  17.7    1507    2001    +      2317    2814    2303    2859    4124   LTR retrotransposon from fruit fly: internal portion.
Copia_I               DF0001563.0          2_CHROMOSOME_dumped__2858551_2864192  118.7   6.9e-35  15.8    2875    4088    +      3571    4775    3549    4784    4593   Drosophila melanogaster transposable element copia.
FROGGER_I             DF0001594.0          2_CHROMOSOME_dumped__2858551_2864192  117.3     5e-34  15.6     606    1837    +      3611    4841    3602    4865    2077   Drosophila melanogaster transposon frogger (internal portion).
Copia1-I_DM           DF0001559.0          2_CHROMOSOME_dumped__2902330_2907117   86.6   3.3e-25  26.9    1435    2152    +      1897    2610    1877    2649    4124   LTR retrotransposon from fruit fly: internal portion.
Copia_I               DF0001563.0          2_CHROMOSOME_dumped__2902330_2907117  116.0   3.6e-34  24.4    2755    3534    +      3132    3912    3111    3933    4593   Drosophila melanogaster transposable element copia.
Copia_I               DF0001563.0          2_CHROMOSOME_dumped__2902330_2907117   48.8   6.5e-14   3.3    3989    4308    +      4234    4553    4217    4561    4593   Drosophila melanogaster transposable element copia.
Copia1-I_DM           DF0001559.0          2_CHROMOSOME_dumped__3083903_3089468   99.9   3.5e-29  45.2    1435    2186    +      2108    2856    2087    2876    4124   LTR retrotransposon from fruit fly: internal portion.
Copia_I               DF0001563.0          2_CHROMOSOME_dumped__3083903_3089468  153.3   2.6e-45  36.4    2963    4307    +      3504    4848    3459    4885    4593   Drosophila melanogaster transposable element copia.
Copia1-I_DM           DF0001559.0          2_CHROMOSOME_dumped__3160549_3166281  164.0   1.8e-48  15.7    1502    2128    +      2251    2874    2230    2896    4124   LTR retrotransposon from fruit fly: internal portion.
Copia_I               DF0001563.0          2_CHROMOSOME_dumped__3160549_3166281  254.6   8.1e-76  43.1    2871    4328    +      3326    4805    3306    4826    4593   Drosophila melanogaster transposable element copia.
Helitron1Na_Mam       DF0000006.4          2_CHROMOSOME_dumped__3221681_3238915   61.0   6.4e-16   5.4     672     904    +      4090    4328    4069    4348    1062   Helitron DNA transposon, Helitron1Na_Mam subfamily
ACCORD_I              DF0001532.0          2_CHROMOSOME_dumped__3221681_3238915  223.3   2.8e-66  14.1    2936    4154    +      9149   10340    9104   10359    6288   ACCORD_I is an internal portion of ACCORD retrovirus-like element
Gypsy72-I_DR          DF0002541.0          2_CHROMOSOME_dumped__3221681_3238915   61.3     2e-17   3.3    3157    3526    +     10786   11161   10765   11188    4297   LTR retrotransposon from zebrafish: internal sequence
Gypsy69-I_DR          DF0003405.0          2_CHROMOSOME_dumped__4090709_4096103  291.2   5.7e-87  21.9    1289    3571    +      2103    4421    2061    4441    4245   LTR retrotransposon from zebrafish: internal sequence
Gypsy89-I_DR          DF0002733.0          2_CHROMOSOME_dumped__4090709_4096103   68.4   5.8e-20  10.4    3106    4291    +      3802    4995    3781    5009    4368   LTR retrotransposon from zebrafish: internal sequence
Copia1-I_DM           DF0001559.0          2_CHROMOSOME_dumped__4110947_4115696  124.8     1e-36  24.1    1477    2105    +      1507    2126    1486    2146    4124   LTR retrotransposon from fruit fly: internal portion.
Copia_I               DF0001563.0          2_CHROMOSOME_dumped__4110947_4115696  220.2   1.5e-65  44.2    2880    4234    +      2577    3948    2557    3968    4593   Drosophila melanogaster transposable element copia.
Copia1-I_DM           DF0001559.0          2_CHROMOSOME_dumped__4116023_4120740  182.3   4.7e-54  24.2    1472    2175    +      1838    2544    1818    2563    4124   LTR retrotransposon from fruit fly: internal portion.
Copia1-I_DM           DF0001559.0          2_CHROMOSOME_dumped__4116023_4120740  175.7   4.4e-52  55.5    2641    4032    +      2968    4351    2948    4371    4124   LTR retrotransposon from fruit fly: internal portion.
Copia1-I_DM           DF0001559.0          2_CHROMOSOME_dumped__4230743_4236513  133.0   3.9e-39  22.3    1513    2111    +      2320    2906    2300    2933    4124   LTR retrotransposon from fruit fly: internal portion.
Copia_I               DF0001563.0          2_CHROMOSOME_dumped__4230743_4236513  246.7   1.9e-73  58.3    2875    4307    +      3379    4832    3357    4852    4593   Drosophila melanogaster transposable element copia.
Gypsy6-I_DR           DF0003473.0          2_CHROMOSOME_dumped__4558517_4566125  196.7   1.2e-58  29.4    2389    3170    +      3549    4293    3529    4349    5410   Internal sequence of a Gypsy LTR retrotransposon from zebrafish
Gypsy72-I_DR          DF0002541.0          2_CHROMOSOME_dumped__4558517_4566125   41.6   7.7e-12   7.8    3208    3525    +      5143    5460    5121    5481    4297   LTR retrotransposon from zebrafish: internal sequence
ACCORD_I              DF0001532.0          2_CHROMOSOME_dumped__4682601_4690775  106.4   2.1e-31  17.6    3451    4149    -      2243    1545    2264    1498    6288   ACCORD_I is an internal portion of ACCORD retrovirus-like element
HelitronY1_CE         DF0001409.0          2_CHROMOSOME_dumped__4737963_4753533   67.7   9.1e-19  42.5     286     782    +      5268    5674    5192    5694    2593   HELITRONY1_CE is a nonautonomous DNA transposon
Copia1-I_DM           DF0001559.0          2_CHROMOSOME_dumped__4818686_4826103  178.9   7.6e-53  35.5    1321    2128    +      1740    2552    1720    2572    4124   LTR retrotransposon from fruit fly: internal portion.
Copia_I               DF0001563.0          2_CHROMOSOME_dumped__4818686_4826103  121.9   9.3e-36  21.0    2911    3289    +      2941    3325    2883    3345    4593   Drosophila melanogaster transposable element copia.
FROGGER_I             DF0001594.0          2_CHROMOSOME_dumped__4818686_4826103   72.5   2.1e-20  41.7    1091    2001    +      6203    7111    6108    7131    2077   Drosophila melanogaster transposon frogger (internal portion).
MDG3_I                DF0001670.0          2_CHROMOSOME_dumped__5040989_5048393   78.3   9.4e-23  18.4    2293    3022    +      2495    3217    2475    3253    4986   Internal part of D.melanogaster MDG3 retrotransposon.
Copia1-I_DM           DF0001559.0          2_CHROMOSOME_dumped__5073848_5078420  170.0   2.3e-50  48.3     933    2138    +      1500    2702    1479    2733    4124   LTR retrotransposon from fruit fly: internal portion.
Copia_I               DF0001563.0          2_CHROMOSOME_dumped__5073848_5078420   66.3   3.4e-19  20.1    3686    4307    +      3307    3916    3287    3936    4593   Drosophila melanogaster transposable element copia.
Copia1-I_DM           DF0001559.0          2_CHROMOSOME_dumped__5394710_5399650   43.2     4e-12   6.8    1332    2097    +      1419    2190    1399    2210    4124   LTR retrotransposon from fruit fly: internal portion.
FROGGER_I             DF0001594.0          2_CHROMOSOME_dumped__5394710_5399650  118.3   2.2e-34  31.1     636    1708    +      2977    4085    2952    4105    2077   Drosophila melanogaster transposon frogger (internal portion).
Copia1-I_DM           DF0001559.0          2_CHROMOSOME_dumped__6023868_6032902  103.5   4.8e-30  21.2    1428    2145    +      6028    6739    6008    6761    4124   LTR retrotransposon from fruit fly: internal portion.
Copia_I               DF0001563.0          2_CHROMOSOME_dumped__6023868_6032902  184.2     2e-54  20.8    2871    4312    +      7351    8779    7329    8799    4593   Drosophila melanogaster transposable element copia.
Gypsy69-I_DR          DF0003405.0          2_CHROMOSOME_dumped__6256496_6260935  128.7   4.3e-38   6.1    1611    2128    +      2076    2596    2056    2604    4245   LTR retrotransposon from zebrafish: internal sequence
Gypsy172-I_Dr         DF0003150.0          2_CHROMOSOME_dumped__6256496_6260935  104.6   6.2e-31   5.5    2837    3904    +      2762    3849    2742    3869    4216   Gypsy LTR retrotransposon from zebrafish: internal sequence
Copia_I               DF0001563.0          2_CHROMOSOME_dumped__6422229_6427295   63.8   2.1e-18  21.1    1490    2194    +      1808    2504    1788    2524    4593   Drosophila melanogaster transposable element copia.
Copia_I               DF0001563.0          2_CHROMOSOME_dumped__6422229_6427295  170.1     2e-50  20.1    2900    4310    +      3208    4605    3163    4627    4593   Drosophila melanogaster transposable element copia.
Copia1-I_DM           DF0001559.0          2_CHROMOSOME_dumped__6819006_6823730  182.6   3.7e-54  63.6     776    2128    +      1162    2537    1141    2558    4124   LTR retrotransposon from fruit fly: internal portion.
Copia_I               DF0001563.0          2_CHROMOSOME_dumped__6819006_6823730  271.2   6.6e-81  57.1    2817    4332    +      2902    4405    2882    4425    4593   Drosophila melanogaster transposable element copia.
Copia1-I_DM           DF0001559.0          2_CHROMOSOME_dumped__6837314_6843322  193.0   3.5e-57  30.7    1330    2110    +      1806    2571    1786    2593    4124   LTR retrotransposon from fruit fly: internal portion.
Copia_I               DF0001563.0          2_CHROMOSOME_dumped__6837314_6843322  243.6   1.6e-72  80.8    2824    4218    +      3033    4446    3013    4462    4593   Drosophila melanogaster transposable element copia.
Copia1-I_DM           DF0001559.0          2_CHROMOSOME_dumped__7224084_7229138   81.4   1.2e-23  24.2    1510    2152    +      2052    2693    2005    2725    4124   LTR retrotransposon from fruit fly: internal portion.
Copia_I               DF0001563.0          2_CHROMOSOME_dumped__7224084_7229138  215.6   3.9e-64  32.7    2876    4312    +      3307    4731    3284    4751    4593   Drosophila melanogaster transposable element copia.
Copia1-I_DM           DF0001559.0          2_CHROMOSOME_dumped__7448762_7454290   52.7   5.9e-15  46.8    1513    2127    +      2390    2998    2370    3018    4124   LTR retrotransposon from fruit fly: internal portion.
Copia_I               DF0001563.0          2_CHROMOSOME_dumped__7448762_7454290  203.4     2e-60  46.4    2829    4319    +      3780    5274    3760    5290    4593   Drosophila melanogaster transposable element copia.
Copia1-I_DM           DF0001559.0          2_CHROMOSOME_dumped__8816049_8820894   57.7   1.6e-16  23.3    1513    2150    +      2146    2779    2052    2799    4124   LTR retrotransposon from fruit fly: internal portion.
FROGGER_I             DF0001594.0          2_CHROMOSOME_dumped__8816049_8820894  160.4   4.4e-47  29.4     635    1993    +      3228    4586    3208    4624    2077   Drosophila melanogaster transposon frogger (internal portion).
HelitronY1A_CE        DF0001408.0          2_CHROMOSOME_dumped__8873017_8891285   42.2   3.4e-11  22.4     718     892    +     11911   12046   11878   12066    3084   HELITRONY1A_CE is a family of non-autonomous Helitron DNA transposons
RC35S                 DF0001469.0          2_CHROMOSOME_dumped__8873017_8891285   61.3   4.1e-15  21.9      20     176    -     11385   11225   11404   11205     210   C.elegans satellite-like repetitive DNA (a consensus).
Copia1-I_DM           DF0001559.0          2_CHROMOSOME_dumped__9187492_9195280  172.1   8.8e-51  37.3    1109    2127    +      3973    4976    3953    5008    4124   LTR retrotransposon from fruit fly: internal portion.
Copia_I               DF0001563.0          2_CHROMOSOME_dumped__9187492_9195280  242.0   6.5e-72  51.8    2873    4317    +      5428    6893    5407    6913    4593   Drosophila melanogaster transposable element copia.
HelitronY1_CE         DF0001409.0          2_CHROMOSOME_dumped__9306572_9319034   83.9   9.8e-24  47.0     282     784    -      8288    7848    8330    7828    2593   HELITRONY1_CE is a nonautonomous DNA transposon
Copia1-I_DM           DF0001559.0          2_CHROMOSOME_dumped__9927681_9932559   93.4   2.9e-27  14.1    1518    2187    +      1915    2581    1874    2597    4124   LTR retrotransposon from fruit fly: internal portion.
Copia_I               DF0001563.0          2_CHROMOSOME_dumped__9927681_9932559  115.7   4.8e-34  13.4    2876    3529    +      3240    3890    3216    3910    4593   Drosophila melanogaster transposable element copia.
Copia_I               DF0001563.0          2_CHROMOSOME_dumped__9927681_9932559   39.7   3.5e-11   2.6    3987    4317    +      4339    4669    4319    4689    4593   Drosophila melanogaster transposable element copia.
Copia1-I_DM           DF0001559.0          3_CHROMOSOME_dumped__10577158_10581825  206.9   1.7e-61  33.1    1325    2148    +      1634    2472    1612    2494    4124   LTR retrotransposon from fruit fly: internal portion.
FROGGER_I             DF0001594.0          3_CHROMOSOME_dumped__10577158_10581825  244.2   2.3e-72  46.7     596    1992    +      2883    4278    2862    4298    2077   Drosophila melanogaster transposon frogger (internal portion).
Copia1-I_DM           DF0001559.0          3_CHROMOSOME_dumped__11016111_11020804  159.4   3.7e-47  13.2    2588    3968    +      3066    4437    3045    4458    4124   LTR retrotransposon from fruit fly: internal portion.
Copia1-I_DM           DF0001559.0          3_CHROMOSOME_dumped__11122707_11127675  104.1   1.7e-30  24.9    1235    2175    +      1750    2665    1742    2685    4124   LTR retrotransposon from fruit fly: internal portion.
Copia_I               DF0001563.0          3_CHROMOSOME_dumped__11122707_11127675  114.5   1.1e-33  17.7    2826    3450    +      3292    3901    3271    3952    4593   Drosophila melanogaster transposable element copia.
Gypsy69-I_DR          DF0003405.0          3_CHROMOSOME_dumped__11387801_11394402  198.0   8.2e-59  70.1    1602    3550    +      1963    3921    1887    3941    4245   LTR retrotransposon from zebrafish: internal sequence
Copia1-I_DM           DF0001559.0          3_CHROMOSOME_dumped__11652697_11657743   96.3     4e-28  21.9    1428    2173    +      1924    2663    1914    2691    4124   LTR retrotransposon from fruit fly: internal portion.
Copia_I               DF0001563.0          3_CHROMOSOME_dumped__11652697_11657743  232.5     3e-69  29.9    2870    4352    +      3279    4759    3258    4779    4593   Drosophila melanogaster transposable element copia.
Copia1-I_DM           DF0001559.0          3_CHROMOSOME_dumped__11664969_11669787  231.8   5.7e-69  87.9     804    2132    +      1186    2559    1165    2580    4124   LTR retrotransposon from fruit fly: internal portion.
Copia_I               DF0001563.0          3_CHROMOSOME_dumped__11664969_11669787  309.0   2.7e-92  69.7    2871    4349    +      2944    4413    2924    4434    4593   Drosophila melanogaster transposable element copia.
QUASIMODO2-I_DM       DF0001687.0          3_CHROMOSOME_dumped__12275508_12287360  113.3   3.6e-33  37.4    2697    3850    +      3817    5007    3796    5027    5500   Drosophila melanogaster retroviral like element QUASIMODO2, internal.
Gypsy6-I_DR           DF0003473.0          3_CHROMOSOME_dumped__12478086_12486327  202.7   2.1e-60  31.4    2389    3206    +      3522    4303    3502    4341    5410   Internal sequence of a Gypsy LTR retrotransposon from zebrafish
Gypsy72-I_DR          DF0002541.0          3_CHROMOSOME_dumped__12478086_12486327   50.5   1.7e-14   9.6    3157    3535    +      5067    5445    5046    5464    4297   LTR retrotransposon from zebrafish: internal sequence
ACCORD_I              DF0001532.0          3_CHROMOSOME_dumped__12491757_12502106  102.7   3.6e-30  18.7    3052    3983    +      2589    3497    2568    3517    6288   ACCORD_I is an internal portion of ACCORD retrovirus-like element
Gypsy-30-I_DR         DF0002844.0          3_CHROMOSOME_dumped__12502664_12508397  207.6   4.5e-62  32.1    2406    3343    +      3636    4569    3614    4591    5597   Internal sequence of a Gypsy LTR retrotransposon from zebrafish
Gypsy69-I_DR          DF0003405.0          3_CHROMOSOME_dumped__12549509_12555919  224.2     1e-66  17.4    1430    2660    +      2949    4151    2927    4188    4245   LTR retrotransposon from zebrafish: internal sequence
Gypsy172-I_Dr         DF0003150.0          3_CHROMOSOME_dumped__12549509_12555919  219.4   2.3e-65  51.2    1516    3551    +      3036    5102    3018    5122    4216   Gypsy LTR retrotransposon from zebrafish: internal sequence
Gypsy-173_DR-I        DF0002669.0          3_CHROMOSOME_dumped__12549509_12555919   45.6   5.6e-13  23.9    2972    3926    +      4502    5461    4482    5481    4247   LTR retrotransposon from zebrafish: internal sequence
Gypsy133-I_DR         DF0003144.0          3_CHROMOSOME_dumped__12613331_12620941  195.3     3e-58  37.0    2457    3629    +      3002    4121    2981    4141    5525   LTR retrotransposon from zebrafish: internal sequence
Gypsy6-I_DR           DF0003473.0          3_CHROMOSOME_dumped__12613331_12620941  197.3   7.8e-59  28.2    2389    3206    +      3013    3794    2990    3830    5410   Internal sequence of a Gypsy LTR retrotransposon from zebrafish
Gypsy72-I_DR          DF0002541.0          3_CHROMOSOME_dumped__12613331_12620941   47.1   1.7e-13   7.7    3166    3535    +      4567    4935    4538    4955    4297   LTR retrotransposon from zebrafish: internal sequence
Gypsy89-I_DR          DF0002733.0          3_CHROMOSOME_dumped__12613331_12620941   45.3   7.5e-13  11.3    3289    3726    +      4608    5044    4587    5064    4368   LTR retrotransposon from zebrafish: internal sequence
HelitronY4_CE         DF0001412.0          3_CHROMOSOME_dumped__12636500_12644002   43.8   1.2e-11  20.7     351     617    +      4863    5095    4843    5112    1855   HELITRONY4_CE is a family of non-autonomous Helitron DNA transposons
HelitronY4_CE         DF0001412.0          3_CHROMOSOME_dumped__12636500_12644002   46.6   1.7e-12  28.5     350     651    +      5019    5300    5017    5320    1855   HELITRONY4_CE is a family of non-autonomous Helitron DNA transposons
Gypsy6-I_DR           DF0003473.0          3_CHROMOSOME_dumped__12960389_12968468  166.7   1.4e-49  27.6    2410    3206    +      3357    4118    3348    4138    5410   Internal sequence of a Gypsy LTR retrotransposon from zebrafish
Gypsy72-I_DR          DF0002541.0          3_CHROMOSOME_dumped__12960389_12968468   47.0     2e-13  10.5    3161    3535    +      4874    5248    4854    5268    4297   LTR retrotransposon from zebrafish: internal sequence
Gypsy89-I_DR          DF0002733.0          3_CHROMOSOME_dumped__12960389_12968468   43.6   2.6e-12  13.7    3288    3726    +      4919    5357    4911    5376    4368   LTR retrotransposon from zebrafish: internal sequence
ACCORD_I              DF0001532.0          3_CHROMOSOME_dumped__13087350_13092790   59.8   1.5e-17   8.3    3054    3536    +      4172    4654    4150    4671    6288   ACCORD_I is an internal portion of ACCORD retrovirus-like element
Copia1-I_DM           DF0001559.0          3_CHROMOSOME_dumped__13096163_13112097  136.6   9.3e-40  45.0    1332    2180    +     10200   11048   10178   11069    4124   LTR retrotransposon from fruit fly: internal portion.
FROGGER_I             DF0001594.0          3_CHROMOSOME_dumped__13096163_13112097  118.3   7.1e-34  50.6     607    1542    +     11482   12412   11462   12432    2077   Drosophila melanogaster transposon frogger (internal portion).
Gypsy69-I_DR          DF0003405.0          3_CHROMOSOME_dumped__13318010_13323173  249.0   2.8e-74  59.4    1580    3570    +      2238    4228    2216    4249    4245   LTR retrotransposon from zebrafish: internal sequence
Gypsy89-I_DR          DF0002733.0          3_CHROMOSOME_dumped__13318010_13323173   80.0   1.8e-23  14.7    3252    4096    +      3755    4608    3730    4628    4368   LTR retrotransposon from zebrafish: internal sequence
Copia1-I_DM           DF0001559.0          3_CHROMOSOME_dumped__13360109_13368309   88.3   1.6e-25  22.8    1332    1985    +      3107    3757    3087    3777    4124   LTR retrotransposon from fruit fly: internal portion.
Copia1-I_DM           DF0001559.0          3_CHROMOSOME_dumped__13360109_13368309  124.7   1.8e-36  25.7    1332    2136    +      3860    4664    3840    4685    4124   LTR retrotransposon from fruit fly: internal portion.
Copia_I               DF0001563.0          3_CHROMOSOME_dumped__13360109_13368309  213.1   3.5e-63  41.7    2952    4311    +      5132    6454    5100    6474    4593   Drosophila melanogaster transposable element copia.
Copia1-I_DM           DF0001559.0          3_CHROMOSOME_dumped__13369174_13374107  228.2     7e-68  73.3     775    2143    +      1252    2666    1230    2687    4124   LTR retrotransposon from fruit fly: internal portion.
Copia_I               DF0001563.0          3_CHROMOSOME_dumped__13369174_13374107  270.7   9.3e-81  64.4    2870    4312    +      3000    4427    2980    4447    4593   Drosophila melanogaster transposable element copia.
ACCORD_I              DF0001532.0          3_CHROMOSOME_dumped__13440036_13449242  111.8     6e-33  18.5    3052    3983    +      3629    4567    3611    4587    6288   ACCORD_I is an internal portion of ACCORD retrovirus-like element
ACCORD_I              DF0001532.0          3_CHROMOSOME_dumped__14117876_14141561   69.4   9.2e-20   9.1    3198    3982    -      7367    6581    7387    6565    6288   ACCORD_I is an internal portion of ACCORD retrovirus-like element
Helitron1Na_Mam       DF0000006.4          3_CHROMOSOME_dumped__14272824_14285579   48.9   2.2e-12   3.6     724     905    -      2622    2441    2652    2436    1062   Helitron DNA transposon, Helitron1Na_Mam subfamily
Helitron1_CE          DF0001406.0          3_CHROMOSOME_dumped__14272824_14285579  107.2   7.8e-32  36.2    3596    4392    -      5919    5079    5939    5059    8484   HELITRON1_CE is a Helitron DNA transposon, a consensus sequence.
Copia_I               DF0001563.0          3_CHROMOSOME_dumped__14329874_14334136   55.0   7.6e-16   8.3    3807    4316    +      3545    4076    3525    4096    4593   Drosophila melanogaster transposable element copia.
ACCORD_I              DF0001532.0          3_CHROMOSOME_dumped__14504089_14511689  235.1   3.6e-70  10.2    2914    4180    +      5726    6962    5706    6985    6288   ACCORD_I is an internal portion of ACCORD retrovirus-like element
Copia1-I_DM           DF0001559.0          3_CHROMOSOME_dumped__14608928_14615360  134.0   2.3e-39  30.6    1512    2197    +      2500    3172    2478    3195    4124   LTR retrotransposon from fruit fly: internal portion.
Copia_I               DF0001563.0          3_CHROMOSOME_dumped__14608928_14615360  226.8   2.1e-67  52.7    2819    4318    +      3392    4914    3348    4937    4593   Drosophila melanogaster transposable element copia.
Copia1-I_DM           DF0001559.0          3_CHROMOSOME_dumped__14671141_14675856  174.6   9.6e-52  26.3    1327    2139    +      1687    2499    1666    2532    4124   LTR retrotransposon from fruit fly: internal portion.
Copia_I               DF0001563.0          3_CHROMOSOME_dumped__14671141_14675856  198.4   5.5e-59  34.8    2967    4353    +      3009    4385    2988    4406    4593   Drosophila melanogaster transposable element copia.
Gypsy-173_DR-I        DF0002669.0          3_CHROMOSOME_dumped__14729381_14734607  156.0   2.6e-46  39.6    1386    3427    +      2256    4264    2236    4286    4247   LTR retrotransposon from zebrafish: internal sequence
Copia1-I_DM           DF0001559.0          3_CHROMOSOME_dumped__14860990_14866191  170.8   1.5e-50  34.2     944    2121    +      1326    2499    1304    2519    4124   LTR retrotransposon from fruit fly: internal portion.
Copia_I               DF0001563.0          3_CHROMOSOME_dumped__14860990_14866191  229.1   3.4e-68  44.2    2889    4324    +      2943    4364    2922    4383    4593   Drosophila melanogaster transposable element copia.
Copia1-I_DM           DF0001559.0          3_CHROMOSOME_dumped__15540529_15549180  120.3   4.1e-35  27.1    1332    2136    +      2731    3535    2711    3555    4124   LTR retrotransposon from fruit fly: internal portion.
Copia_I               DF0001563.0          3_CHROMOSOME_dumped__15540529_15549180  193.4   3.1e-57  45.0    2878    4313    +      3899    5337    3872    5357    4593   Drosophila melanogaster transposable element copia.
Copia1-I_DM           DF0001559.0          3_CHROMOSOME_dumped__15591669_15600822  116.5   5.8e-34  37.7    1332    2136    +      3053    3856    3032    3877    4124   LTR retrotransposon from fruit fly: internal portion.
Copia_I               DF0001563.0          3_CHROMOSOME_dumped__15591669_15600822  212.6   5.6e-63  40.3    2939    4311    +      4311    5667    4264    5684    4593   Drosophila melanogaster transposable element copia.
FROGGER_I             DF0001594.0          3_CHROMOSOME_dumped__15621872_15626854  123.9   4.4e-36  55.5     557    1893    +      3294    4641    3273    4661    2077   Drosophila melanogaster transposon frogger (internal portion).
Copia1-I_DM           DF0001559.0          3_CHROMOSOME_dumped__15768786_15773747  111.2   1.3e-32  45.5     949    2155    +      1618    2818    1604    2838    4124   LTR retrotransposon from fruit fly: internal portion.
Copia_I               DF0001563.0          3_CHROMOSOME_dumped__15768786_15773747  163.0   2.7e-48  49.3    2871    4313    +      3279    4727    3259    4748    4593   Drosophila melanogaster transposable element copia.
Copia1-I_DM           DF0001559.0          3_CHROMOSOME_dumped__15919026_15924075   42.6     6e-12  32.3    1405    2145    +      2194    2912    2094    2932    4124   LTR retrotransposon from fruit fly: internal portion.
FROGGER_I             DF0001594.0          3_CHROMOSOME_dumped__15919026_15924075  121.2     3e-35  26.3     633    1893    +      3407    4671    3379    4691    2077   Drosophila melanogaster transposon frogger (internal portion).
L1-97_DR              DF0002453.0          3_CHROMOSOME_dumped__16243296_16256896   41.6   1.5e-11   7.3    3316    3719    +      4586    5006    4560    5026    5580   Non-LTR retrotransposon from zebrafish
Copia1-I_DM           DF0001559.0          3_CHROMOSOME_dumped__16809187_16814152  104.7   1.2e-30  24.7    1503    2147    +      1961    2601    1916    2622    4124   LTR retrotransposon from fruit fly: internal portion.
Copia_I               DF0001563.0          3_CHROMOSOME_dumped__16809187_16814152  189.1   3.6e-56  37.2    2880    4309    +      3241    4657    3218    4677    4593   Drosophila melanogaster transposable element copia.
tRNA-Val-GTG          DF0000668.4          3_CHROMOSOME_dumped__16885889_16894261   46.4   9.4e-11   0.8       3      69    -        97      30      99      25      75   tRNA-Val (decoding GTG) gene / pseudogene
tRNA-Val-GTG          DF0000668.4          3_CHROMOSOME_dumped__16885889_16894261   50.7   4.1e-12   0.3       3      69    -      2621    2554    2623    2549      75   tRNA-Val (decoding GTG) gene / pseudogene
tRNA-Val-GTG          DF0000668.4          3_CHROMOSOME_dumped__16885889_16894261   46.4   9.4e-11   0.8       3      69    -      8369    8302    8371    8297      75   tRNA-Val (decoding GTG) gene / pseudogene
Copia1-I_DM           DF0001559.0          3_CHROMOSOME_dumped__16957465_16962731   65.1   1.1e-18  16.5    1329    2105    +      1846    2616    1826    2639    4124   LTR retrotransposon from fruit fly: internal portion.
Copia_I               DF0001563.0          3_CHROMOSOME_dumped__16957465_16962731  147.6   1.2e-43  22.8    2945    4240    +      3339    4627    3293    4649    4593   Drosophila melanogaster transposable element copia.
Copia1-I_DM           DF0001559.0          3_CHROMOSOME_dumped__17978754_17983948  148.0   1.1e-43  36.5    1326    2187    +      1870    2716    1850    2736    4124   LTR retrotransposon from fruit fly: internal portion.
FROGGER_I             DF0001594.0          3_CHROMOSOME_dumped__17978754_17983948  229.7   5.7e-68  56.0     604    1992    +      3148    4561    3127    4587    2077   Drosophila melanogaster transposon frogger (internal portion).
Copia1-I_DM           DF0001559.0          3_CHROMOSOME_dumped__18791152_18796089   96.9   2.5e-28  20.0    1326    2126    +      1760    2551    1740    2572    4124   LTR retrotransposon from fruit fly: internal portion.
Copia_I               DF0001563.0          3_CHROMOSOME_dumped__18791152_18796089  182.9   2.6e-54  22.4    2831    4358    +      3034    4556    3014    4576    4593   Drosophila melanogaster transposable element copia.
Gypsy90-I_DR          DF0003067.0          3_CHROMOSOME_dumped__20304946_20310167   74.2   9.5e-22  13.3    2788    3285    +      2061    2570    2041    2590    4227   LTR retrotransposon from zebrafish: internal sequence
Gypsy-129_DR-I        DF0003357.0          3_CHROMOSOME_dumped__20304946_20310167  223.6   7.9e-67  56.9    1678    3683    +      2235    4255    2215    4276    4325   LTR retrotransposon from zebrafish: internal sequence
Gypsy89-I_DR          DF0002733.0          3_CHROMOSOME_dumped__20304946_20310167  112.3   3.4e-33  22.8    3157    4092    +      3687    4634    3655    4642    4368   LTR retrotransposon from zebrafish: internal sequence
Copia1-I_DM           DF0001559.0          3_CHROMOSOME_dumped__22059535_22064329  248.0   7.5e-74  71.9     775    2143    +      1271    2683    1249    2704    4124   LTR retrotransposon from fruit fly: internal portion.
Copia_I               DF0001563.0          3_CHROMOSOME_dumped__22059535_22064329  176.7   1.9e-52  58.7    2870    3865    +      3017    4013    2997    4036    4593   Drosophila melanogaster transposable element copia.
FROGGER_I             DF0001594.0          3_CHROMOSOME_dumped__22059535_22064329   56.7   7.9e-16   7.9    1760    2013    +      4054    4309    4039    4330    2077   Drosophila melanogaster transposon frogger (internal portion).
Copia1-I_DM           DF0001559.0          3_CHROMOSOME_dumped__22059535_22064329   52.9   4.4e-15   9.0    3826    4079    +      4079    4332    4058    4352    4124   LTR retrotransposon from fruit fly: internal portion.
Copia1-I_DM           DF0001559.0          3_CHROMOSOME_dumped__22232190_22236820  161.8   6.7e-48  24.7    1332    2143    +      1628    2445    1559    2467    4124   LTR retrotransposon from fruit fly: internal portion.
FROGGER_I             DF0001594.0          3_CHROMOSOME_dumped__22232190_22236820  225.1   1.2e-66  53.8     604    2004    +      2879    4292    2859    4339    2077   Drosophila melanogaster transposon frogger (internal portion).
Copia1-I_DM           DF0001559.0          3_CHROMOSOME_dumped__22695566_22700521  239.0   3.9e-71  70.3     775    2143    +      1271    2683    1249    2704    4124   LTR retrotransposon from fruit fly: internal portion.
Copia_I               DF0001563.0          3_CHROMOSOME_dumped__22695566_22700521  265.0   4.9e-79  65.6    2870    4312    +      3017    4450    2997    4470    4593   Drosophila melanogaster transposable element copia.
Copia1-I_DM           DF0001559.0          3_CHROMOSOME_dumped__23100313_23104853  152.9   3.1e-45  25.2    1332    2187    +      1576    2430    1555    2453    4124   LTR retrotransposon from fruit fly: internal portion.
FROGGER_I             DF0001594.0          3_CHROMOSOME_dumped__23100313_23104853  206.1   6.9e-61  50.4     558    1992    +      2792    4222    2772    4242    2077   Drosophila melanogaster transposon frogger (internal portion).
Gypsy69-I_DR          DF0003405.0          3_CHROMOSOME_dumped__3807306_3812643  316.7   1.1e-94  38.8    1574    3936    +      2323    4697    2302    4704    4245   LTR retrotransposon from zebrafish: internal sequence
RLTR31D_MM            DF0004139.0          3_CHROMOSOME_dumped__780904_798849   47.2   3.1e-11  33.2      98     184    -     12491   12410   12500   12388     427   Long terminal repeat of a class 2 LTR retroelement	in mouse.
Gypsy172-I_Dr         DF0003150.0          3_CHROMOSOME_dumped__8537355_8543559  218.3     5e-65  84.4    1519    3563    +      2966    5041    2945    5061    4216   Gypsy LTR retrotransposon from zebrafish: internal sequence
Copia1-I_DM           DF0001559.0          3_CHROMOSOME_dumped__9226633_9231377  325.8   2.7e-97 108.1    1326    4043    +      1712    4378    1692    4398    4124   LTR retrotransposon from fruit fly: internal portion.
Copia_I               DF0001563.0          3_CHROMOSOME_dumped__9387852_9393276  146.6   2.6e-43  43.4    2872    4309    +      3684    5124    3663    5141    4593   Drosophila melanogaster transposable element copia.
Copia1-I_DM           DF0001559.0          3_CHROMOSOME_dumped__9692211_9697532   45.6     8e-13  18.0    1520    2108    +      2098    2692    2081    2715    4124   LTR retrotransposon from fruit fly: internal portion.
Copia_I               DF0001563.0          3_CHROMOSOME_dumped__9692211_9697532  148.5   6.6e-44  26.2    2877    4346    +      3299    4759    3278    4768    4593   Drosophila melanogaster transposable element copia.
Copia1-I_DM           DF0001559.0          4_CHROMOSOME_dumped__10992996_10998058   48.7   8.6e-14  17.0    1520    2128    +      1967    2581    1947    2595    4124   LTR retrotransposon from fruit fly: internal portion.
Copia_I               DF0001563.0          4_CHROMOSOME_dumped__10992996_10998058  150.8   1.3e-44  22.4    2919    4316    +      3222    4610    3201    4615    4593   Drosophila melanogaster transposable element copia.
tRNA-Ile-ATT          DF0000677.4          4_CHROMOSOME_dumped__13336302_13341644   69.2   5.1e-18   0.3       1      75    +        79     153      79     153      75   tRNA-Ile (decoding ATT) gene / pseudogene
tRNA-Ile-ATT          DF0000677.4          4_CHROMOSOME_dumped__13336302_13341644   69.2   5.1e-18   0.3       1      75    +      5235    5309    5235    5309      75   tRNA-Ile (decoding ATT) gene / pseudogene
Copia1-I_DM           DF0001559.0          4_CHROMOSOME_dumped__14258825_14263830   66.2   4.6e-19  23.1    1255    2029    +      1661    2423    1640    2444    4124   LTR retrotransposon from fruit fly: internal portion.
Copia_I               DF0001563.0          4_CHROMOSOME_dumped__14258825_14263830  144.9   7.4e-43  25.8    2748    4351    +      2997    4597    2977    4608    4593   Drosophila melanogaster transposable element copia.
Gypsy6-I_DR           DF0003473.0          4_CHROMOSOME_dumped__1619054_1624381  201.4   3.3e-60  29.9    2389    3206    +      2671    3451    2651    3515    5410   Internal sequence of a Gypsy LTR retrotransposon from zebrafish
Gypsy72-I_DR          DF0002541.0          4_CHROMOSOME_dumped__1619054_1624381   49.7   1.9e-14   7.8    3161    3535    +      4218    4592    4198    4612    4297   LTR retrotransposon from zebrafish: internal sequence
Copia1-I_DM           DF0001559.0          4_CHROMOSOME_dumped__1749269_1755807  154.6   1.4e-45  36.9    1332    2214    +      2480    3341    2459    3361    4124   LTR retrotransposon from fruit fly: internal portion.
Copia_I               DF0001563.0          4_CHROMOSOME_dumped__1749269_1755807  222.6     4e-66  45.1    2803    4316    +      3522    5068    3500    5083    4593   Drosophila melanogaster transposable element copia.
Copia1-I_DM           DF0001559.0          4_CHROMOSOME_dumped__17712151_17716968  210.7   1.3e-62  28.9    1323    2181    +      1773    2631    1753    2650    4124   LTR retrotransposon from fruit fly: internal portion.
Copia_I               DF0001563.0          4_CHROMOSOME_dumped__17712151_17716968  205.7   3.6e-61  47.1    2965    4310    +      3091    4427    3058    4448    4593   Drosophila melanogaster transposable element copia.
ACCORD_I              DF0001532.0          4_CHROMOSOME_dumped__1943797_1955321  104.0   1.6e-30  16.7    3052    3983    +      3649    4579    3629    4599    6288   ACCORD_I is an internal portion of ACCORD retrovirus-like element
MDG3_I                DF0001670.0          4_CHROMOSOME_dumped__2001193_2010885   41.4   1.6e-11  11.1    2297    2872    +      3637    4190    3617    4210    4986   Internal part of D.melanogaster MDG3 retrotransposon.
ACCORD_I              DF0001532.0          4_CHROMOSOME_dumped__2001193_2010885   41.1   1.2e-11  14.5    3164    3980    +      3769    4566    3644    4586    6288   ACCORD_I is an internal portion of ACCORD retrovirus-like element
Copia1-I_DM           DF0001559.0          4_CHROMOSOME_dumped__2064089_2068818  168.7   5.7e-50  35.0    1497    2155    +      1581    2242    1561    2262    4124   LTR retrotransposon from fruit fly: internal portion.
Copia_I               DF0001563.0          4_CHROMOSOME_dumped__2064089_2068818  180.3   1.6e-53  74.1    2879    4332    +      2645    4110    2620    4130    4593   Drosophila melanogaster transposable element copia.
Copia1-I_DM           DF0001559.0          4_CHROMOSOME_dumped__2188978_2194314  152.1   6.7e-45  32.8    1433    2187    +      1988    2735    1968    2755    4124   LTR retrotransposon from fruit fly: internal portion.
Copia_I               DF0001563.0          4_CHROMOSOME_dumped__2188978_2194314  159.9   2.4e-47  27.5    2913    4307    +      3306    4729    3286    4749    4593   Drosophila melanogaster transposable element copia.
Copia_I               DF0001563.0          4_CHROMOSOME_dumped__2198167_2203996   51.9     9e-15  14.5    4146    4313    +      3425    3592    3405    3613    4593   Drosophila melanogaster transposable element copia.
Copia_I               DF0001563.0          4_CHROMOSOME_dumped__2279948_2286705   40.9   2.2e-11  16.7    3912    4307    -      4166    3776    4186    3756    4593   Drosophila melanogaster transposable element copia.
Copia1-I_DM           DF0001559.0          4_CHROMOSOME_dumped__2302657_2307843  185.5   5.7e-55  59.1     791    2156    +      1335    2709    1257    2733    4124   LTR retrotransposon from fruit fly: internal portion.
Copia_I               DF0001563.0          4_CHROMOSOME_dumped__2302657_2307843  190.5   1.5e-56  63.3    2903    4242    +      3142    4494    3116    4516    4593   Drosophila melanogaster transposable element copia.
Copia1-I_DM           DF0001559.0          4_CHROMOSOME_dumped__2597020_2602180  349.6    2e-104 102.3    1509    4032    +      1935    4470    1910    4492    4124   LTR retrotransposon from fruit fly: internal portion.
Gypsy133-I_DR         DF0003144.0          4_CHROMOSOME_dumped__2867762_2875913  210.2   1.1e-62  39.4    2465    3629    +      3419    4530    3396    4550    5525   LTR retrotransposon from zebrafish: internal sequence
Gypsy72-I_DR          DF0002541.0          4_CHROMOSOME_dumped__2867762_2875913   60.6   1.5e-17   7.0    3161    3535    +      4971    5345    4949    5365    4297   LTR retrotransposon from zebrafish: internal sequence
ZAM_I                 DF0001526.0          4_CHROMOSOME_dumped__3704587_3716723   57.0   1.7e-16  34.4    3437    4308    +      2942    3815    2893    3835    7490   ZAM_I is an internal portion of the ZAM retrovirus.
Gypsy-32-I_DR         DF0003068.0          4_CHROMOSOME_dumped__3881650_3886431   70.9   8.8e-21  22.3    2984    4061    +      2074    3153    2048    3173    4400   Internal sequence of a Gypsy LTR retrotransposon from zebrafish
ACCORD_I              DF0001532.0          4_CHROMOSOME_dumped__3881650_3886431  221.2   3.4e-66  26.2    3059    4153    +      2362    3441    2341    3463    6288   ACCORD_I is an internal portion of ACCORD retrovirus-like element
Copia1-I_DM           DF0001559.0          4_CHROMOSOME_dumped__4623486_4628226  218.9   4.4e-65 117.6    1229    3952    +      1750    4437    1732    4458    4124   LTR retrotransposon from fruit fly: internal portion.
Gypsy164B-I_DR        DF0002854.0          4_CHROMOSOME_dumped__4677141_4684195  133.3     2e-39  24.8    1478    2337    +      3252    4102    3234    4122    4335   LTR retrotransposon from zebrafish: internal sequence
Gypsy107-I_Dr         DF0002684.0          4_CHROMOSOME_dumped__4677141_4684195  183.4   1.7e-54  38.0    1676    2736    +      3486    4518    3459    4588    4297   Internal sequence of a Gypsy LTR retrotransposon from zebrafish
Gypsy133-I_DR         DF0003144.0          4_CHROMOSOME_dumped__4677141_4684195  179.8   1.3e-53  38.3    2466    3628    +      3494    4601    3473    4621    5525   LTR retrotransposon from zebrafish: internal sequence
Gypsy107-I_Dr         DF0002684.0          4_CHROMOSOME_dumped__5127101_5135153  188.3   6.1e-56  31.1    1596    2735    +      3286    4400    3205    4422    4297   Internal sequence of a Gypsy LTR retrotransposon from zebrafish
Gypsy6-I_DR           DF0003473.0          4_CHROMOSOME_dumped__5127101_5135153  189.0   2.5e-56  25.1    2389    3206    +      3378    4159    3358    4179    5410   Internal sequence of a Gypsy LTR retrotransposon from zebrafish
Gypsy72-I_DR          DF0002541.0          4_CHROMOSOME_dumped__5127101_5135153   49.2   4.2e-14   9.2    3166    3535    +      4931    5300    4907    5320    4297   LTR retrotransposon from zebrafish: internal sequence
Copia1-I_DM           DF0001559.0          4_CHROMOSOME_dumped__5591440_5596425   57.5   1.9e-16  17.6    1518    2045    +      1999    2515    1978    2537    4124   LTR retrotransposon from fruit fly: internal portion.
Copia_I               DF0001563.0          4_CHROMOSOME_dumped__5591440_5596425  191.0   9.9e-57  46.6    2846    4310    +      3278    4730    3258    4751    4593   Drosophila melanogaster transposable element copia.
Copia1-I_DM           DF0001559.0          4_CHROMOSOME_dumped__5822426_5827300   83.8   2.2e-24  23.0    1512    2172    +      1953    2610    1930    2632    4124   LTR retrotransposon from fruit fly: internal portion.
Copia_I               DF0001563.0          4_CHROMOSOME_dumped__5822426_5827300   94.7     1e-27  14.8    2913    3471    +      3279    3834    3218    3862    4593   Drosophila melanogaster transposable element copia.
Copia1-I_DM           DF0001559.0          4_CHROMOSOME_dumped__5987008_5991992   84.8   1.1e-24  21.0    1317    2104    +      1768    2546    1747    2567    4124   LTR retrotransposon from fruit fly: internal portion.
Copia_I               DF0001563.0          4_CHROMOSOME_dumped__5987008_5991992  159.2   3.6e-47  26.1    2851    4354    +      3058    4547    3014    4556    4593   Drosophila melanogaster transposable element copia.
Copia1-I_DM           DF0001559.0          4_CHROMOSOME_dumped__6588726_6593808   52.9   4.8e-15  26.0    1330    2077    +      1785    2523    1761    2544    4124   LTR retrotransposon from fruit fly: internal portion.
FROGGER_I             DF0001594.0          4_CHROMOSOME_dumped__6588726_6593808   87.8   3.5e-25  13.3     607    1119    +      3254    3774    3230    3795    2077   Drosophila melanogaster transposon frogger (internal portion).
Copia_I               DF0001563.0          4_CHROMOSOME_dumped__6588726_6593808   88.8     6e-26  18.6    2963    3534    +      3301    3872    3277    3894    4593   Drosophila melanogaster transposable element copia.
IS3EU-4_DR            DF0003208.0          4_CHROMOSOME_dumped__6659028_6672586   95.7   1.1e-28  51.4     243     612    +      9524    9870    9504    9890   15029   Autonomous IS3EU DNA transposon from zebrafish
hAT-N22_DR            DF0003634.0          4_CHROMOSOME_dumped__6659028_6672586   59.9   2.5e-16 100.0     317     879    +      9656   10276    9634   10301    1738   Non-autonomous hAT DNA transposon from zebrafish
Copia1-I_DM           DF0001559.0          4_CHROMOSOME_dumped__6723347_6728791   52.5   6.7e-15  54.7    1513    2125    +      2514    3114    2494    3135    4124   LTR retrotransposon from fruit fly: internal portion.
Copia_I               DF0001563.0          4_CHROMOSOME_dumped__6723347_6728791  205.3   5.2e-61  38.2    2879    4315    +      3706    5145    3686    5163    4593   Drosophila melanogaster transposable element copia.
Copia1-I_DM           DF0001559.0          4_CHROMOSOME_dumped__6914662_6919598   90.0     3e-26  23.3    1435    2195    +      1931    2686    1909    2706    4124   LTR retrotransposon from fruit fly: internal portion.
Copia1-I_DR           DF0002489.0          4_CHROMOSOME_dumped__6914662_6919598  122.7   3.7e-36  11.8    2501    3173    +      3216    3882    3196    3904    4057   LTR retrotransposon from zebrafish: internal sequence
Copia_I               DF0001563.0          4_CHROMOSOME_dumped__8313595_8319066  170.0   2.3e-50  38.5    2892    4320    +      3733    5162    3712    5182    4593   Drosophila melanogaster transposable element copia.
FROGGER_I             DF0001594.0          4_CHROMOSOME_dumped__9732605_9737731  139.4   9.9e-41  48.5     568    1992    +      3404    4839    3384    4859    2077   Drosophila melanogaster transposon frogger (internal portion).
Copia1-I_DM           DF0001559.0          5_CHROMOSOME_dumped__10128753_10133863   92.8   4.6e-27  12.3    1518    2115    +      1982    2576    1962    2605    4124   LTR retrotransposon from fruit fly: internal portion.
Copia1-I_DR           DF0002489.0          5_CHROMOSOME_dumped__10128753_10133863  137.1   1.8e-40  18.9    2460    3944    +      3405    4866    3383    4884    4057   LTR retrotransposon from zebrafish: internal sequence
FROGGER_I             DF0001594.0          5_CHROMOSOME_dumped__10359352_10364274  134.6   2.6e-39  22.6     588    1990    +      3205    4605    3181    4625    2077   Drosophila melanogaster transposon frogger (internal portion).
Copia1-I_DM           DF0001559.0          5_CHROMOSOME_dumped__10638480_10643372   74.0   2.1e-21  25.3    1518    2179    +      1955    2614    1935    2634    4124   LTR retrotransposon from fruit fly: internal portion.
Copia_I               DF0001563.0          5_CHROMOSOME_dumped__10638480_10643372  154.9     7e-46  36.3    2870    4310    +      3233    4661    3213    4681    4593   Drosophila melanogaster transposable element copia.
Copia1-I_DM           DF0001559.0          5_CHROMOSOME_dumped__10808404_10812940  180.3   1.8e-53  48.6     791    2180    +      1030    2488    1010    2505    4124   LTR retrotransposon from fruit fly: internal portion.
Copia2_I              DF0001561.0          5_CHROMOSOME_dumped__10808404_10812940   47.0     2e-13  62.7    1364    3167    +      1637    3428    1617    3449    4162   LTR of COPIA2_DM retrotransposon.
Copia_I               DF0001563.0          5_CHROMOSOME_dumped__10808404_10812940  203.7   1.3e-60  55.5    2966    4309    +      2953    4287    2917    4307    4593   Drosophila melanogaster transposable element copia.
ACCORD_I              DF0001532.0          5_CHROMOSOME_dumped__11503488_11512862   43.8   1.8e-12  10.6    3193    3589    +      3566    3963    3546    3978    6288   ACCORD_I is an internal portion of ACCORD retrovirus-like element
Copia1-I_DM           DF0001559.0          5_CHROMOSOME_dumped__11621561_11635005  158.0   2.8e-46  70.2     800    2126    +      1326    2632    1237    2659    4124   LTR retrotransposon from fruit fly: internal portion.
Copia_I               DF0001563.0          5_CHROMOSOME_dumped__11621561_11635005   79.8   8.5e-23  20.8    2891    3250    +      3117    3479    3095    3499    4593   Drosophila melanogaster transposable element copia.
Copia_I               DF0001563.0          5_CHROMOSOME_dumped__11621561_11635005   91.2     3e-26  44.8    3397    4207    +     11878   12694   11851   12715    4593   Drosophila melanogaster transposable element copia.
ACCORD_I              DF0001532.0          5_CHROMOSOME_dumped__11980554_11994151   45.2   9.7e-13  12.8    3071    3323    +      4182    4434    4156    4454    6288   ACCORD_I is an internal portion of ACCORD retrovirus-like element
ACCORD_I              DF0001532.0          5_CHROMOSOME_dumped__11980554_11994151  120.8   1.7e-35  11.5    3582    4144    +      4790    5352    4770    5382    6288   ACCORD_I is an internal portion of ACCORD retrovirus-like element
Copia1-I_DM           DF0001559.0          5_CHROMOSOME_dumped__13253687_13258453   42.2   7.6e-12  20.8    1513    2131    +      2089    2701    2069    2722    4124   LTR retrotransposon from fruit fly: internal portion.
Copia_I               DF0001563.0          5_CHROMOSOME_dumped__13253687_13258453  172.5   3.4e-51  33.6    2877    4313    +      3090    4529    3069    4539    4593   Drosophila melanogaster transposable element copia.
ACCORD_I              DF0001532.0          5_CHROMOSOME_dumped__13261021_13272510  195.4   4.9e-58  21.5    3070    4143    +      5073    6146    5049    6178    6288   ACCORD_I is an internal portion of ACCORD retrovirus-like element
FROGGER_I             DF0001594.0          5_CHROMOSOME_dumped__13736102_13741134  158.0   2.3e-46  40.6     604    1990    +      3413    4805    3393    4826    2077   Drosophila melanogaster transposon frogger (internal portion).
Copia1-I_DM           DF0001559.0          5_CHROMOSOME_dumped__13948926_13953982  114.0   1.8e-33  23.1    1436    2148    +      1960    2666    1953    2688    4124   LTR retrotransposon from fruit fly: internal portion.
Copia_I               DF0001563.0          5_CHROMOSOME_dumped__13948926_13953982  149.9   2.4e-44  20.0    2869    4308    +      3393    4820    3373    4841    4593   Drosophila melanogaster transposable element copia.
Copia1-I_DM           DF0001559.0          5_CHROMOSOME_dumped__14083253_14088531   51.8   1.1e-14  43.4    1513    2127    +      2441    3048    2421    3068    4124   LTR retrotransposon from fruit fly: internal portion.
FROGGER_I             DF0001594.0          5_CHROMOSOME_dumped__14083253_14088531  176.5   6.4e-52  43.9     608    1992    +      3661    5053    3645    5065    2077   Drosophila melanogaster transposon frogger (internal portion).
FROGGER_I             DF0001594.0          5_CHROMOSOME_dumped__14113154_14118424  187.3   3.7e-55  42.5     604    2021    +      3648    5072    3633    5093    2077   Drosophila melanogaster transposon frogger (internal portion).
Copia1-I_DM           DF0001559.0          5_CHROMOSOME_dumped__14203867_14209072  199.2   4.2e-59  69.0     784    2201    +      1320    2759    1186    2780    4124   LTR retrotransposon from fruit fly: internal portion.
Copia_I               DF0001563.0          5_CHROMOSOME_dumped__14203867_14209072  197.1   1.5e-58  64.1    2912    4306    +      3168    4574    3146    4594    4593   Drosophila melanogaster transposable element copia.
Copia1-I_DM           DF0001559.0          5_CHROMOSOME_dumped__15646198_15651172   59.8     4e-17  21.1    1511    2138    +      1896    2528    1870    2540    4124   LTR retrotransposon from fruit fly: internal portion.
Copia_I               DF0001563.0          5_CHROMOSOME_dumped__15646198_15651172  178.3   6.6e-53  25.1    2868    4353    +      3093    4569    3073    4576    4593   Drosophila melanogaster transposable element copia.
Copia1-I_DM           DF0001559.0          5_CHROMOSOME_dumped__17090770_17095675   56.7   3.2e-16  22.7    1468    2131    +      2197    2850    2142    2870    4124   LTR retrotransposon from fruit fly: internal portion.
Copia_I               DF0001563.0          5_CHROMOSOME_dumped__17090770_17095675  200.8   1.1e-59  49.1    2876    4318    +      3232    4680    3211    4700    4593   Drosophila melanogaster transposable element copia.
Copia1-I_DM           DF0001559.0          5_CHROMOSOME_dumped__17596764_17605847  114.9   1.8e-33  28.9    1332    2131    +      2830    3632    2810    3654    4124   LTR retrotransposon from fruit fly: internal portion.
FROGGER_I             DF0001594.0          5_CHROMOSOME_dumped__17596764_17605847  202.0   2.4e-59  44.0     635    2021    +      4141    5528    4121    5548    2077   Drosophila melanogaster transposon frogger (internal portion).
Copia1-I_DM           DF0001559.0          5_CHROMOSOME_dumped__18142156_18146897   57.3   2.1e-16   7.9    1515    2124    +      1847    2448    1830    2468    4124   LTR retrotransposon from fruit fly: internal portion.
Copia_I               DF0001563.0          5_CHROMOSOME_dumped__18142156_18146897  118.3   7.3e-35  10.4    2871    3440    +      3122    3688    3102    3710    4593   Drosophila melanogaster transposable element copia.
Copia1-I_DM           DF0001559.0          5_CHROMOSOME_dumped__18142156_18146897   62.6   5.2e-18   1.6    3533    4034    +      4045    4549    4025    4570    4124   LTR retrotransposon from fruit fly: internal portion.
Copia1-I_DM           DF0001559.0          5_CHROMOSOME_dumped__18233616_18238203  190.3   1.8e-56  32.6    1331    2186    +      1604    2465    1584    2485    4124   LTR retrotransposon from fruit fly: internal portion.
Copia4-I_DR           DF0003786.0          5_CHROMOSOME_dumped__18233616_18238203  205.0   5.5e-61  56.0    2609    4073    +      2816    4256    2796    4286    4207   LTR retrotransposon from zebrafish: internal sequence
FROGGER_I             DF0001594.0          5_CHROMOSOME_dumped__18233616_18238203  207.9     2e-61  52.1     598    1923    +      2856    4180    2830    4215    2077   Drosophila melanogaster transposon frogger (internal portion).
Copia1-I_DM           DF0001559.0          5_CHROMOSOME_dumped__18490606_18495233  217.5   1.2e-64  33.8    1329    2185    +      1616    2478    1589    2498    4124   LTR retrotransposon from fruit fly: internal portion.
Copia_I               DF0001563.0          5_CHROMOSOME_dumped__18490606_18495233  206.4   2.2e-61  63.9    2876    4309    +      2833    4257    2813    4280    4593   Drosophila melanogaster transposable element copia.
Copia_I               DF0001563.0          5_CHROMOSOME_dumped__18933102_18938947   53.1   4.1e-15  14.7    4146    4351    +      3406    3611    3388    3653    4593   Drosophila melanogaster transposable element copia.
HMSBEAGLE_I           DF0001644.0          5_CHROMOSOME_dumped__20391919_20401644   50.2   1.7e-14 133.8     778     970    -      3444    3239    3461    3216    6529   Internal part of HMSBEAGLE retrovirus-like element from Gypsy superfamily.
Copia1-I_DM           DF0001559.0          5_CHROMOSOME_dumped__22002013_22006896  101.4   1.2e-29  27.6    1412    2193    +      1906    2678    1886    2700    4124   LTR retrotransposon from fruit fly: internal portion.
Copia_I               DF0001563.0          5_CHROMOSOME_dumped__22002013_22006896  132.6   3.8e-39  18.4    2855    3535    +      3183    3857    3165    3882    4593   Drosophila melanogaster transposable element copia.
Copia3-I_DR           DF0002567.0          5_CHROMOSOME_dumped__22002013_22006896   39.0   6.1e-11   3.5    3673    4062    +      4271    4623    4251    4643    4164   LTR retrotransposon from zebrafish: internal sequence
tRNA-Ala-GCY_v        DF0000638.4          5_CHROMOSOME_dumped__24526077_24530973   55.3   1.2e-13   4.2       1      74    +      4100    4174    4100    4175      75   Variant tRNA-Ala (decoding GCY) gene / pseudogene
Gypsy69-I_DR          DF0003405.0          5_CHROMOSOME_dumped__3904675_3909862  248.4   4.2e-74  45.9    1555    3936    +      2261    4665    2239    4674    4245   LTR retrotransposon from zebrafish: internal sequence
Copia1-I_DM           DF0001559.0          5_CHROMOSOME_dumped__4208083_4213084  240.3   1.6e-71  69.3     779    2143    +      1298    2706    1272    2726    4124   LTR retrotransposon from fruit fly: internal portion.
Copia_I               DF0001563.0          5_CHROMOSOME_dumped__4208083_4213084  268.9   3.4e-80  64.1    2870    4312    +      3040    4473    3020    4493    4593   Drosophila melanogaster transposable element copia.
FROGGER_I             DF0001594.0          5_CHROMOSOME_dumped__6403057_6408054  181.9   1.5e-53  28.6     598    1919    +      3305    4638    3284    4664    2077   Drosophila melanogaster transposon frogger (internal portion).
Copia1-I_DM           DF0001559.0          5_CHROMOSOME_dumped__6433629_6438777   49.6   4.8e-14  48.0    1514    2126    +      2371    2977    2356    2997    4124   LTR retrotransposon from fruit fly: internal portion.
Copia_I               DF0001563.0          5_CHROMOSOME_dumped__6433629_6438777  179.5   2.9e-53  48.3    2880    4320    +      3497    4940    3477    4948    4593   Drosophila melanogaster transposable element copia.
FROGGER_I             DF0001594.0          5_CHROMOSOME_dumped__64772_71199  137.5   4.7e-40  30.4     636    1708    +      4450    5559    4429    5579    2077   Drosophila melanogaster transposon frogger (internal portion).
FROGGER_I             DF0001594.0          5_CHROMOSOME_dumped__8927997_8934328  138.4   2.4e-40  28.7     636    1708    +      4355    5464    4333    5486    2077   Drosophila melanogaster transposon frogger (internal portion).
Gypsy6-I_DR           DF0003473.0          5_CHROMOSOME_dumped__9181894_9189365  205.5   2.7e-61  34.9    2392    3304    +      2913    3777    2892    4029    5410   Internal sequence of a Gypsy LTR retrotransposon from zebrafish
Gypsy72-I_DR          DF0002541.0          5_CHROMOSOME_dumped__9181894_9189365   50.9   1.2e-14  11.8    3176    3535    +      4474    4834    4446    4854    4297   LTR retrotransposon from zebrafish: internal sequence
Gypsy89-I_DR          DF0002733.0          5_CHROMOSOME_dumped__9181894_9189365   46.2   4.1e-13  16.7    3288    3726    +      4504    4943    4484    4962    4368   LTR retrotransposon from zebrafish: internal sequence
Copia1-I_DM           DF0001559.0          5_CHROMOSOME_dumped__9949175_9954432   46.7   3.7e-13  22.7    1521    2127    +      2077    2689    2056    2710    4124   LTR retrotransposon from fruit fly: internal portion.
FROGGER_I             DF0001594.0          5_CHROMOSOME_dumped__9949175_9954432  111.8   2.1e-32  24.1     567    1920    +      3277    4637    3257    4660    2077   Drosophila melanogaster transposon frogger (internal portion).
